[debug] [2021-09-05T05:07:05.379Z] ----------------------------------------------------------------------
[debug] [2021-09-05T05:07:05.381Z] Command:       C:\Program Files\nodejs\node.exe C:\Users\sarow\AppData\Roaming\npm\node_modules\firebase-tools\lib\bin\firebase.js init
[debug] [2021-09-05T05:07:05.382Z] CLI Version:   9.16.5
[debug] [2021-09-05T05:07:05.382Z] Platform:      win32
[debug] [2021-09-05T05:07:05.382Z] Node Version:  v14.17.4
[debug] [2021-09-05T05:07:05.383Z] Time:          Sun Sep 05 2021 11:07:05 GMT+0600 (Bangladesh Standard Time)
[debug] [2021-09-05T05:07:05.383Z] ----------------------------------------------------------------------
[debug] 
[debug] [2021-09-05T05:07:05.392Z] > command requires scopes: ["email","openid","https://www.googleapis.com/auth/cloudplatformprojects.readonly","https://www.googleapis.com/auth/firebase","https://www.googleapis.com/auth/cloud-platform"]
[debug] [2021-09-05T05:07:05.392Z] > authorizing via signed-in user (sarowar.hosen02@gmail.com)
[info] 
     ######## #### ########  ######## ########     ###     ######  ########
     ##        ##  ##     ## ##       ##     ##  ##   ##  ##       ##
     ######    ##  ########  ######   ########  #########  ######  ######
     ##        ##  ##    ##  ##       ##     ## ##     ##       ## ##
     ##       #### ##     ## ######## ########  ##     ##  ######  ########

You're about to initialize a Firebase project in this directory:

  D:\NEW PROJECTS\Fashion World\client

[info] 
=== Project Setup
[info] 
[info] First, let's associate this project directory with a Firebase project.
[info] You can create multiple project aliases by running firebase use --add, 
[info] but for now we'll just set up a default project.
[info] 
[debug] [2021-09-05T05:08:02.183Z] >>> [apiv2][query] GET https://firebase.googleapis.com/v1beta1/projects pageSize=100
[debug] [2021-09-05T05:08:02.862Z] <<< [apiv2][status] GET https://firebase.googleapis.com/v1beta1/projects 200
[debug] [2021-09-05T05:08:02.863Z] <<< [apiv2][body] GET https://firebase.googleapis.com/v1beta1/projects [omitted]
[info] i  Using project sarowar-fashion (sarowar-fashion) 
[info] 
=== Hosting:github Setup
[info] 
[info] i  Detected a .git folder at D:\NEW PROJECTS\Fashion World\client 
[info] i  Authorizing with GitHub to upload your service account to a GitHub repository's secrets store. 
[info] 
[info] Visit this URL on this device to log in:
[info] https://github.com/login/oauth/authorize?client_id=89cf50f02ac6aaed3484&state=657863460&redirect_uri=http%3A%2F%2Flocalhost%3A9005&scope=read%3Auser%20repo%20public_repo
[info] 
[info] Waiting for authentication...
[debug] [2021-09-05T05:08:28.766Z] >>> HTTP REQUEST POST https://github.com/login/oauth/access_token  
 {"client_id":"89cf50f02ac6aaed3484","client_secret":"3330d14abc895d9a74d5f17cd7a00711fa2c5bf0","code":"46a870aaf6d51dea93dd","redirect_uri":"http://localhost:9005","state":"657863460"}
[debug] [2021-09-05T05:08:29.293Z] <<< HTTP RESPONSE 200 {"server":"GitHub.com","date":"Sun, 05 Sep 2021 05:08:29 GMT","content-type":"application/json; charset=utf-8","transfer-encoding":"chunked","vary":"X-PJAX, X-PJAX-Container, Accept-Encoding, Accept, X-Requested-With","permissions-policy":"interest-cohort=()","etag":"W/\"b186392434622adb82455c42c8bc746d\"","cache-control":"max-age=0, private, must-revalidate","strict-transport-security":"max-age=31536000; includeSubdomains; preload","x-frame-options":"deny","x-content-type-options":"nosniff","x-xss-protection":"0","referrer-policy":"origin-when-cross-origin, strict-origin-when-cross-origin","expect-ct":"max-age=2592000, report-uri=\"https://api.github.com/_private/browser/errors\"","content-security-policy":"default-src 'none'; base-uri 'self'; block-all-mixed-content; connect-src 'self' uploads.github.com www.githubstatus.com collector.githubapp.com api.github.com github-cloud.s3.amazonaws.com github-production-repository-file-5c1aeb.s3.amazonaws.com github-production-upload-manifest-file-7fdce7.s3.amazonaws.com github-production-user-asset-6210df.s3.amazonaws.com cdn.optimizely.com logx.optimizely.com/v1/events translator.github.com wss://alive.github.com; font-src github.githubassets.com; form-action 'self' github.com gist.github.com; frame-ancestors 'none'; frame-src render.githubusercontent.com viewscreen.githubusercontent.com; img-src 'self' data: github.githubassets.com identicons.github.com collector.githubapp.com github-cloud.s3.amazonaws.com secured-user-images.githubusercontent.com/ *.githubusercontent.com; manifest-src 'self'; media-src 'none'; script-src github.githubassets.com; style-src 'unsafe-inline' github.githubassets.com; worker-src github.com/socket-worker-7c2abeb0.js gist.github.com/socket-worker-7c2abeb0.js","x-github-request-id":"CA7A:10A0:63B8B8:72BA1F:613450CD"}
[debug] [2021-09-05T05:08:29.322Z] >>> [apiv2][query] GET https://api.github.com/user [none]
[debug] [2021-09-05T05:08:29.900Z] <<< [apiv2][status] GET https://api.github.com/user 200
[debug] [2021-09-05T05:08:29.901Z] <<< [apiv2][body] GET https://api.github.com/user {"login":"sarowar-hosen1","id":50797577,"node_id":"MDQ6VXNlcjUwNzk3NTc3","avatar_url":"https://avatars.githubusercontent.com/u/50797577?v=4","gravatar_id":"","url":"https://api.github.com/users/sarowar-hosen1","html_url":"https://github.com/sarowar-hosen1","followers_url":"https://api.github.com/users/sarowar-hosen1/followers","following_url":"https://api.github.com/users/sarowar-hosen1/following{/other_user}","gists_url":"https://api.github.com/users/sarowar-hosen1/gists{/gist_id}","starred_url":"https://api.github.com/users/sarowar-hosen1/starred{/owner}{/repo}","subscriptions_url":"https://api.github.com/users/sarowar-hosen1/subscriptions","organizations_url":"https://api.github.com/users/sarowar-hosen1/orgs","repos_url":"https://api.github.com/users/sarowar-hosen1/repos","events_url":"https://api.github.com/users/sarowar-hosen1/events{/privacy}","received_events_url":"https://api.github.com/users/sarowar-hosen1/received_events","type":"User","site_admin":false,"name":"Sarowar Hosen","company":null,"blog":"sarowar-99.web.app","location":"Comilla, Bangladesh","email":null,"hireable":null,"bio":"Web Developer | Programmer | Learner","twitter_username":null,"public_repos":72,"public_gists":0,"followers":2,"following":5,"created_at":"2019-05-19T11:51:03Z","updated_at":"2021-09-05T05:08:28Z","private_gists":0,"total_private_repos":3,"owned_private_repos":3,"disk_usage":119497,"collaborators":0,"two_factor_authentication":false,"plan":{"name":"free","space":976562499,"collaborators":0,"private_repos":10000}}
[info] 
[info] +  Success! Logged into GitHub as sarowar-hosen1 
[info] 
[debug] [2021-09-05T05:08:51.190Z] >>> [apiv2][query] GET https://api.github.com/repos//actions/secrets/public-key type=owner
[debug] [2021-09-05T05:08:51.613Z] <<< [apiv2][status] GET https://api.github.com/repos//actions/secrets/public-key 404
[debug] [2021-09-05T05:08:51.614Z] <<< [apiv2][body] GET https://api.github.com/repos//actions/secrets/public-key {"message":"Not Found","documentation_url":"https://docs.github.com/rest"}
[debug] [2021-09-05T05:09:01.094Z] >>> [apiv2][query] GET https://api.github.com/repos/repository/actions/secrets/public-key type=owner
[debug] [2021-09-05T05:09:01.838Z] >>> [apiv2][query] GET https://api.github.com/repos//actions/secrets/public-key type=owner
[debug] [2021-09-05T05:09:02.011Z] <<< [apiv2][status] GET https://api.github.com/repos/repository/actions/secrets/public-key 404
[debug] [2021-09-05T05:09:02.011Z] <<< [apiv2][body] GET https://api.github.com/repos/repository/actions/secrets/public-key {"message":"Not Found","documentation_url":"https://docs.github.com/rest"}
[debug] [2021-09-05T05:09:02.299Z] <<< [apiv2][status] GET https://api.github.com/repos//actions/secrets/public-key 404
[debug] [2021-09-05T05:09:02.299Z] <<< [apiv2][body] GET https://api.github.com/repos//actions/secrets/public-key {"message":"Not Found","documentation_url":"https://docs.github.com/rest"}
[debug] [2021-09-05T05:09:52.639Z] >>> [apiv2][query] GET https://api.github.com/repos/sarowar-hosen1/actions/secrets/public-key type=owner
[debug] [2021-09-05T05:09:53.148Z] <<< [apiv2][status] GET https://api.github.com/repos/sarowar-hosen1/actions/secrets/public-key 404
[debug] [2021-09-05T05:09:53.149Z] <<< [apiv2][body] GET https://api.github.com/repos/sarowar-hosen1/actions/secrets/public-key {"message":"Not Found","documentation_url":"https://docs.github.com/rest"}
[debug] [2021-09-05T05:10:10.856Z] >>> [apiv2][query] GET https://api.github.com/repos/https://github.com/sarowar-hosen1/fashion-world-fontend.git/actions/secrets/public-key type=owner
[debug] [2021-09-05T05:10:11.287Z] <<< [apiv2][status] GET https://api.github.com/repos/https://github.com/sarowar-hosen1/fashion-world-fontend.git/actions/secrets/public-key 404
[debug] [2021-09-05T05:10:11.287Z] <<< [apiv2][body] GET https://api.github.com/repos/https://github.com/sarowar-hosen1/fashion-world-fontend.git/actions/secrets/public-key {"message":"Not Found","documentation_url":"https://docs.github.com/rest"}
